[INFO] Scanning for projects...
[INFO] 
[INFO] ----------------< com.hfenelsoftllc:restaurantlisting >-----------------
[INFO] Building restaurantlisting 0.0.1-SNAPSHOT
[INFO]   from pom.xml
[INFO] --------------------------------[ jar ]---------------------------------
[INFO] 
[INFO] >>> spring-boot:4.0.6:run (default-cli) > test-compile @ restaurantlisting >>>
[INFO] 
[INFO] --- resources:3.3.1:resources (default-resources) @ restaurantlisting ---
[INFO] Copying 1 resource from src\main\resources to target\classes
[INFO] Copying 0 resource from src\main\resources to target\classes
[INFO] 
[INFO] --- compiler:3.14.1:compile (default-compile) @ restaurantlisting ---
[INFO] Recompiling the module because of changed source code.
[INFO] Compiling 7 source files with javac [debug parameters release 21] to target\classes
[INFO] 
[INFO] --- resources:3.3.1:testResources (default-testResources) @ restaurantlisting ---
[INFO] skip non existing resourceDirectory D:\java-workspace\restaurantmanagement\restaurantlisting\src\test\resources
[INFO] 
[INFO] --- compiler:3.14.1:testCompile (default-testCompile) @ restaurantlisting ---
[INFO] Recompiling the module because of changed dependency.
[INFO] Compiling 1 source file with javac [debug parameters release 21] to target\test-classes
[INFO] 
[INFO] <<< spring-boot:4.0.6:run (default-cli) < test-compile @ restaurantlisting <<<
[INFO] 
[INFO] 
[INFO] --- spring-boot:4.0.6:run (default-cli) @ restaurantlisting ---
[INFO] Attaching agents: []

  .   ____          _            __ _ _
 /\\ / ___'_ __ _ _(_)_ __  __ _ \ \ \ \
( ( )\___ | '_ | '_| | '_ \/ _` | \ \ \ \
 \\/  ___)| |_)| | | | | || (_| |  ) ) ) )
  '  |____| .__|_| |_|_| |_\__, | / / / /
 =========|_|==============|___/=/_/_/_/

 :: Spring Boot ::                (v4.0.6)

2026-05-31T16:38:35.253-04:00  INFO 44904 --- [RESTAURANT-SERVICE] [  restartedMain] c.h.r.RestaurantlistingApplication       : Starting RestaurantlistingApplication using Java 21.0.6 with PID 44904 (D:\java-workspace\restaurantmanagement\restaurantlisting\target\classes started by fenel in D:\java-workspace\restaurantmanagement\restaurantlisting)
2026-05-31T16:38:35.264-04:00  INFO 44904 --- [RESTAURANT-SERVICE] [  restartedMain] c.h.r.RestaurantlistingApplication       : No active profile set, falling back to 1 default profile: "local"
2026-05-31T16:38:35.414-04:00  INFO 44904 --- [RESTAURANT-SERVICE] [  restartedMain] .e.DevToolsPropertyDefaultsPostProcessor : Devtools property defaults active! Set 'spring.devtools.add-properties' to 'false' to disable
2026-05-31T16:38:35.415-04:00  INFO 44904 --- [RESTAURANT-SERVICE] [  restartedMain] .e.DevToolsPropertyDefaultsPostProcessor : For additional web related logging consider setting the 'logging.level.web' property to 'DEBUG'
2026-05-31T16:38:38.133-04:00  INFO 44904 --- [RESTAURANT-SERVICE] [  restartedMain] .s.d.r.c.RepositoryConfigurationDelegate : Bootstrapping Spring Data JPA repositories in DEFAULT mode.
2026-05-31T16:38:38.694-04:00  INFO 44904 --- [RESTAURANT-SERVICE] [  restartedMain] .s.d.r.c.RepositoryConfigurationDelegate : Finished Spring Data repository scanning in 499 ms. Found 1 JPA repository interface.
2026-05-31T16:38:39.717-04:00  INFO 44904 --- [RESTAURANT-SERVICE] [  restartedMain] o.s.cloud.context.scope.GenericScope     : BeanFactory id=f409a969-e2ca-31b6-8c15-42d746b8fff6
2026-05-31T16:38:41.754-04:00  INFO 44904 --- [RESTAURANT-SERVICE] [  restartedMain] o.s.boot.tomcat.TomcatWebServer          : Tomcat initialized with port 9091 (http)
2026-05-31T16:38:41.788-04:00  INFO 44904 --- [RESTAURANT-SERVICE] [  restartedMain] o.apache.catalina.core.StandardService   : Starting service [Tomcat]
2026-05-31T16:38:41.791-04:00  INFO 44904 --- [RESTAURANT-SERVICE] [  restartedMain] o.apache.catalina.core.StandardEngine    : Starting Servlet engine: [Apache Tomcat/11.0.21]
2026-05-31T16:38:41.965-04:00  INFO 44904 --- [RESTAURANT-SERVICE] [  restartedMain] b.w.c.s.WebApplicationContextInitializer : Root WebApplicationContext: initialization completed in 6546 ms
2026-05-31T16:38:42.543-04:00  INFO 44904 --- [RESTAURANT-SERVICE] [  restartedMain] org.hibernate.orm.jpa                    : HHH008540: Processing PersistenceUnitInfo [name: default]
2026-05-31T16:38:42.697-04:00  INFO 44904 --- [RESTAURANT-SERVICE] [  restartedMain] org.hibernate.orm.core                   : HHH000001: Hibernate ORM core version 7.2.12.Final
2026-05-31T16:38:44.556-04:00  INFO 44904 --- [RESTAURANT-SERVICE] [  restartedMain] o.s.o.j.p.SpringPersistenceUnitInfo      : No LoadTimeWeaver setup: ignoring JPA class transformer
2026-05-31T16:38:44.650-04:00  INFO 44904 --- [RESTAURANT-SERVICE] [  restartedMain] com.zaxxer.hikari.HikariDataSource       : HikariPool-1 - Starting...
2026-05-31T16:38:45.696-04:00  INFO 44904 --- [RESTAURANT-SERVICE] [  restartedMain] com.zaxxer.hikari.pool.HikariPool        : HikariPool-1 - Added connection com.mysql.cj.jdbc.ConnectionImpl@2eeebc74
2026-05-31T16:38:45.700-04:00  INFO 44904 --- [RESTAURANT-SERVICE] [  restartedMain] com.zaxxer.hikari.HikariDataSource       : HikariPool-1 - Start completed.
2026-05-31T16:38:45.898-04:00  WARN 44904 --- [RESTAURANT-SERVICE] [  restartedMain] org.hibernate.orm.deprecation            : HHH90000025: MySQLDialect does not need to be specified explicitly using 'hibernate.dialect' (remove the property setting and it will be selected by default)
2026-05-31T16:38:45.965-04:00  INFO 44904 --- [RESTAURANT-SERVICE] [  restartedMain] org.hibernate.orm.connections.pooling    : HHH10001005: Database info:
	Database JDBC URL [jdbc:mysql://localhost:3306/restaurant_db?createDatabaseIfNotExist=true]
	Database driver: MySQL Connector/J
	Database dialect: MySQLDialect
	Database version: 8.0.42
	Default catalog/schema: restaurant_db/undefined
	Autocommit mode: undefined/unknown
	Isolation level: REPEATABLE_READ [default REPEATABLE_READ]
	JDBC fetch size: none
	Pool: DataSourceConnectionProvider
	Minimum pool size: undefined/unknown
	Maximum pool size: undefined/unknown
2026-05-31T16:38:48.947-04:00  INFO 44904 --- [RESTAURANT-SERVICE] [  restartedMain] org.hibernate.orm.core                   : HHH000489: No JTA platform available (set 'hibernate.transaction.jta.platform' to enable JTA platform integration)
2026-05-31T16:38:49.139-04:00  INFO 44904 --- [RESTAURANT-SERVICE] [  restartedMain] j.LocalContainerEntityManagerFactoryBean : Initialized JPA EntityManagerFactory for persistence unit 'default'
2026-05-31T16:38:49.382-04:00  INFO 44904 --- [RESTAURANT-SERVICE] [  restartedMain] o.s.d.j.r.query.QueryEnhancerFactories   : Hibernate is in classpath; If applicable, HQL parser will be used.
2026-05-31T16:38:49.860-04:00  WARN 44904 --- [RESTAURANT-SERVICE] [  restartedMain] JpaBaseConfiguration$JpaWebConfiguration : spring.jpa.open-in-view is enabled by default. Therefore, database queries may be performed during view rendering. Explicitly configure spring.jpa.open-in-view to disable this warning
2026-05-31T16:38:51.826-04:00  INFO 44904 --- [RESTAURANT-SERVICE] [  restartedMain] DiscoveryClientOptionalArgsConfiguration : Eureka HTTP Client uses RestClient.
2026-05-31T16:38:51.946-04:00  WARN 44904 --- [RESTAURANT-SERVICE] [  restartedMain] iguration$LoadBalancerCaffeineWarnLogger : Spring Cloud LoadBalancer is currently working with the default cache. While this cache implementation is useful for development and tests, it's recommended to use Caffeine cache in production.You can switch to using Caffeine cache, by adding it and org.springframework.cache.caffeine.CaffeineCacheManager to the classpath.
2026-05-31T16:38:52.021-04:00  INFO 44904 --- [RESTAURANT-SERVICE] [  restartedMain] o.s.c.n.eureka.InstanceInfoFactory       : Setting initial instance status as: STARTING
2026-05-31T16:38:52.095-04:00  INFO 44904 --- [RESTAURANT-SERVICE] [  restartedMain] com.netflix.discovery.DiscoveryClient    : Initializing Eureka in region us-east-1
2026-05-31T16:38:52.110-04:00  INFO 44904 --- [RESTAURANT-SERVICE] [  restartedMain] c.n.d.s.r.aws.ConfigClusterResolver      : Resolving eureka endpoints via configuration
2026-05-31T16:38:52.141-04:00  INFO 44904 --- [RESTAURANT-SERVICE] [  restartedMain] com.netflix.discovery.DiscoveryClient    : Disable delta property : false
2026-05-31T16:38:52.143-04:00  INFO 44904 --- [RESTAURANT-SERVICE] [  restartedMain] com.netflix.discovery.DiscoveryClient    : Single vip registry refresh property : null
2026-05-31T16:38:52.144-04:00  INFO 44904 --- [RESTAURANT-SERVICE] [  restartedMain] com.netflix.discovery.DiscoveryClient    : Force full registry fetch : false
2026-05-31T16:38:52.145-04:00  INFO 44904 --- [RESTAURANT-SERVICE] [  restartedMain] com.netflix.discovery.DiscoveryClient    : Application is null : false
2026-05-31T16:38:52.146-04:00  INFO 44904 --- [RESTAURANT-SERVICE] [  restartedMain] com.netflix.discovery.DiscoveryClient    : Registered Applications size is zero : true
2026-05-31T16:38:52.147-04:00  INFO 44904 --- [RESTAURANT-SERVICE] [  restartedMain] com.netflix.discovery.DiscoveryClient    : Application version is -1: true
2026-05-31T16:38:52.148-04:00  INFO 44904 --- [RESTAURANT-SERVICE] [  restartedMain] com.netflix.discovery.DiscoveryClient    : Getting all instance registry info from the eureka server
2026-05-31T16:38:53.940-04:00  INFO 44904 --- [RESTAURANT-SERVICE] [  restartedMain] com.netflix.discovery.DiscoveryClient    : The response status is 200
2026-05-31T16:38:53.950-04:00  INFO 44904 --- [RESTAURANT-SERVICE] [  restartedMain] com.netflix.discovery.DiscoveryClient    : Starting heartbeat executor: renew interval is: 30
2026-05-31T16:38:53.961-04:00  INFO 44904 --- [RESTAURANT-SERVICE] [  restartedMain] c.n.discovery.InstanceInfoReplicator     : InstanceInfoReplicator onDemand update allowed rate per min is 4
2026-05-31T16:38:53.968-04:00  INFO 44904 --- [RESTAURANT-SERVICE] [  restartedMain] com.netflix.discovery.DiscoveryClient    : Discovery Client initialized at timestamp 1780259933965 with initial instances count: 0
2026-05-31T16:38:53.980-04:00  INFO 44904 --- [RESTAURANT-SERVICE] [  restartedMain] o.s.c.n.e.s.EurekaServiceRegistry        : Registering application RESTAURANT-SERVICE with eureka with status UP
2026-05-31T16:38:53.982-04:00  INFO 44904 --- [RESTAURANT-SERVICE] [  restartedMain] com.netflix.discovery.DiscoveryClient    : Saw local status change event StatusChangeEvent [timestamp=1780259933982, current=UP, previous=STARTING]
2026-05-31T16:38:53.987-04:00  INFO 44904 --- [RESTAURANT-SERVICE] [foReplicator-%d] com.netflix.discovery.DiscoveryClient    : DiscoveryClient_RESTAURANT-SERVICE/HFENELSOFTDEV.mshome.net:RESTAURANT-SERVICE:9091: registering service...
2026-05-31T16:38:54.043-04:00  INFO 44904 --- [RESTAURANT-SERVICE] [  restartedMain] o.s.boot.tomcat.TomcatWebServer          : Tomcat started on port 9091 (http) with context path '/'
2026-05-31T16:38:54.046-04:00  INFO 44904 --- [RESTAURANT-SERVICE] [  restartedMain] .s.c.n.e.s.EurekaAutoServiceRegistration : Updating port to 9091
2026-05-31T16:38:54.084-04:00  INFO 44904 --- [RESTAURANT-SERVICE] [  restartedMain] c.h.r.RestaurantlistingApplication       : Started RestaurantlistingApplication in 20.937 seconds (process running for 23.634)
2026-05-31T16:38:54.452-04:00  INFO 44904 --- [RESTAURANT-SERVICE] [foReplicator-%d] com.netflix.discovery.DiscoveryClient    : DiscoveryClient_RESTAURANT-SERVICE/HFENELSOFTDEV.mshome.net:RESTAURANT-SERVICE:9091 - registration status: 204
2026-05-31T16:39:23.964-04:00  INFO 44904 --- [RESTAURANT-SERVICE] [reshExecutor-%d] com.netflix.discovery.DiscoveryClient    : Disable delta property : false
2026-05-31T16:39:24.016-04:00  INFO 44904 --- [RESTAURANT-SERVICE] [reshExecutor-%d] com.netflix.discovery.DiscoveryClient    : Single vip registry refresh property : null
2026-05-31T16:39:24.017-04:00  INFO 44904 --- [RESTAURANT-SERVICE] [reshExecutor-%d] com.netflix.discovery.DiscoveryClient    : Force full registry fetch : false
2026-05-31T16:39:24.018-04:00  INFO 44904 --- [RESTAURANT-SERVICE] [reshExecutor-%d] com.netflix.discovery.DiscoveryClient    : Application is null : false
2026-05-31T16:39:24.018-04:00  INFO 44904 --- [RESTAURANT-SERVICE] [reshExecutor-%d] com.netflix.discovery.DiscoveryClient    : Registered Applications size is zero : true
2026-05-31T16:39:24.020-04:00  INFO 44904 --- [RESTAURANT-SERVICE] [reshExecutor-%d] com.netflix.discovery.DiscoveryClient    : Application version is -1: false
2026-05-31T16:39:24.023-04:00  INFO 44904 --- [RESTAURANT-SERVICE] [reshExecutor-%d] com.netflix.discovery.DiscoveryClient    : Getting all instance registry info from the eureka server
2026-05-31T16:39:24.079-04:00  INFO 44904 --- [RESTAURANT-SERVICE] [reshExecutor-%d] com.netflix.discovery.DiscoveryClient    : The response status is 200
2026-05-31T16:43:52.155-04:00  INFO 44904 --- [RESTAURANT-SERVICE] [rap-executor-%d] c.n.d.s.r.aws.ConfigClusterResolver      : Resolving eureka endpoints via configuration
2026-05-31T16:45:23.882-04:00  INFO 44904 --- [RESTAURANT-SERVICE] [   File Watcher] rtingClassPathChangeChangedEventListener : Restarting due to 1 class path change (0 additions, 0 deletions, 1 modification)
2026-05-31T16:45:23.899-04:00  INFO 44904 --- [RESTAURANT-SERVICE] [       Thread-1] o.s.c.n.e.s.EurekaServiceRegistry        : Unregistering application RESTAURANT-SERVICE with eureka with status DOWN
2026-05-31T16:45:23.899-04:00  INFO 44904 --- [RESTAURANT-SERVICE] [       Thread-1] com.netflix.discovery.DiscoveryClient    : Saw local status change event StatusChangeEvent [timestamp=1780260323899, current=DOWN, previous=UP]
2026-05-31T16:45:23.901-04:00  INFO 44904 --- [RESTAURANT-SERVICE] [foReplicator-%d] com.netflix.discovery.DiscoveryClient    : DiscoveryClient_RESTAURANT-SERVICE/HFENELSOFTDEV.mshome.net:RESTAURANT-SERVICE:9091: registering service...
2026-05-31T16:45:23.909-04:00  INFO 44904 --- [RESTAURANT-SERVICE] [       Thread-1] o.s.boot.tomcat.GracefulShutdown         : Commencing graceful shutdown. Waiting for active requests to complete
2026-05-31T16:45:23.920-04:00  INFO 44904 --- [RESTAURANT-SERVICE] [foReplicator-%d] com.netflix.discovery.DiscoveryClient    : DiscoveryClient_RESTAURANT-SERVICE/HFENELSOFTDEV.mshome.net:RESTAURANT-SERVICE:9091 - registration status: 204
2026-05-31T16:45:23.952-04:00  INFO 44904 --- [RESTAURANT-SERVICE] [tomcat-shutdown] o.s.boot.tomcat.GracefulShutdown         : Graceful shutdown complete
2026-05-31T16:45:23.964-04:00  INFO 44904 --- [RESTAURANT-SERVICE] [       Thread-1] j.LocalContainerEntityManagerFactoryBean : Closing JPA EntityManagerFactory for persistence unit 'default'
2026-05-31T16:45:23.974-04:00  INFO 44904 --- [RESTAURANT-SERVICE] [       Thread-1] com.zaxxer.hikari.HikariDataSource       : HikariPool-1 - Shutdown initiated...
2026-05-31T16:45:23.997-04:00  INFO 44904 --- [RESTAURANT-SERVICE] [       Thread-1] com.zaxxer.hikari.HikariDataSource       : HikariPool-1 - Shutdown completed.
2026-05-31T16:45:24.000-04:00  INFO 44904 --- [RESTAURANT-SERVICE] [       Thread-1] com.netflix.discovery.DiscoveryClient    : Shutting down DiscoveryClient ...
2026-05-31T16:45:27.011-04:00  WARN 44904 --- [RESTAURANT-SERVICE] [coveryClient-%d] c.netflix.discovery.TimedSupervisorTask  : task supervisor shutting down, can't accept the task
2026-05-31T16:45:27.011-04:00  INFO 44904 --- [RESTAURANT-SERVICE] [       Thread-1] com.netflix.discovery.DiscoveryClient    : Unregistering ...
2026-05-31T16:45:27.034-04:00  INFO 44904 --- [RESTAURANT-SERVICE] [       Thread-1] com.netflix.discovery.DiscoveryClient    : DiscoveryClient_RESTAURANT-SERVICE/HFENELSOFTDEV.mshome.net:RESTAURANT-SERVICE:9091 - deregister  status: 200
2026-05-31T16:45:27.037-04:00  INFO 44904 --- [RESTAURANT-SERVICE] [       Thread-1] com.netflix.discovery.DiscoveryClient    : Completed shut down of DiscoveryClient

  .   ____          _            __ _ _
 /\\ / ___'_ __ _ _(_)_ __  __ _ \ \ \ \
( ( )\___ | '_ | '_| | '_ \/ _` | \ \ \ \
 \\/  ___)| |_)| | | | | || (_| |  ) ) ) )
  '  |____| .__|_| |_|_| |_\__, | / / / /
 =========|_|==============|___/=/_/_/_/

 :: Spring Boot ::                (v4.0.6)

2026-05-31T16:45:27.342-04:00  INFO 44904 --- [RESTAURANT-SERVICE] [  restartedMain] c.h.r.RestaurantlistingApplication       : Starting RestaurantlistingApplication using Java 21.0.6 with PID 44904 (D:\java-workspace\restaurantmanagement\restaurantlisting\target\classes started by fenel in D:\java-workspace\restaurantmanagement\restaurantlisting)
2026-05-31T16:45:27.344-04:00  INFO 44904 --- [RESTAURANT-SERVICE] [  restartedMain] c.h.r.RestaurantlistingApplication       : No active profile set, falling back to 1 default profile: "local"
2026-05-31T16:45:27.941-04:00  INFO 44904 --- [RESTAURANT-SERVICE] [  restartedMain] .s.d.r.c.RepositoryConfigurationDelegate : Bootstrapping Spring Data JPA repositories in DEFAULT mode.
2026-05-31T16:45:27.974-04:00  INFO 44904 --- [RESTAURANT-SERVICE] [  restartedMain] .s.d.r.c.RepositoryConfigurationDelegate : Finished Spring Data repository scanning in 28 ms. Found 1 JPA repository interface.
2026-05-31T16:45:28.243-04:00  INFO 44904 --- [RESTAURANT-SERVICE] [  restartedMain] o.s.cloud.context.scope.GenericScope     : BeanFactory id=f409a969-e2ca-31b6-8c15-42d746b8fff6
2026-05-31T16:45:28.446-04:00  INFO 44904 --- [RESTAURANT-SERVICE] [  restartedMain] o.s.boot.tomcat.TomcatWebServer          : Tomcat initialized with port 9091 (http)
2026-05-31T16:45:28.449-04:00  INFO 44904 --- [RESTAURANT-SERVICE] [  restartedMain] o.apache.catalina.core.StandardService   : Starting service [Tomcat]
2026-05-31T16:45:28.450-04:00  INFO 44904 --- [RESTAURANT-SERVICE] [  restartedMain] o.apache.catalina.core.StandardEngine    : Starting Servlet engine: [Apache Tomcat/11.0.21]
2026-05-31T16:45:28.543-04:00  INFO 44904 --- [RESTAURANT-SERVICE] [  restartedMain] b.w.c.s.WebApplicationContextInitializer : Root WebApplicationContext: initialization completed in 1194 ms
2026-05-31T16:45:28.699-04:00  INFO 44904 --- [RESTAURANT-SERVICE] [  restartedMain] org.hibernate.orm.jpa                    : HHH008540: Processing PersistenceUnitInfo [name: default]
2026-05-31T16:45:28.774-04:00  INFO 44904 --- [RESTAURANT-SERVICE] [  restartedMain] o.s.o.j.p.SpringPersistenceUnitInfo      : No LoadTimeWeaver setup: ignoring JPA class transformer
2026-05-31T16:45:28.779-04:00  INFO 44904 --- [RESTAURANT-SERVICE] [  restartedMain] com.zaxxer.hikari.HikariDataSource       : HikariPool-2 - Starting...
2026-05-31T16:45:28.838-04:00  INFO 44904 --- [RESTAURANT-SERVICE] [  restartedMain] com.zaxxer.hikari.pool.HikariPool        : HikariPool-2 - Added connection com.mysql.cj.jdbc.ConnectionImpl@17f3387e
2026-05-31T16:45:28.839-04:00  INFO 44904 --- [RESTAURANT-SERVICE] [  restartedMain] com.zaxxer.hikari.HikariDataSource       : HikariPool-2 - Start completed.
2026-05-31T16:45:28.843-04:00  WARN 44904 --- [RESTAURANT-SERVICE] [  restartedMain] org.hibernate.orm.deprecation            : HHH90000025: MySQLDialect does not need to be specified explicitly using 'hibernate.dialect' (remove the property setting and it will be selected by default)
2026-05-31T16:45:28.846-04:00  INFO 44904 --- [RESTAURANT-SERVICE] [  restartedMain] org.hibernate.orm.connections.pooling    : HHH10001005: Database info:
	Database JDBC URL [jdbc:mysql://localhost:3306/restaurant_db?createDatabaseIfNotExist=true]
	Database driver: MySQL Connector/J
	Database dialect: MySQLDialect
	Database version: 8.0.42
	Default catalog/schema: restaurant_db/undefined
	Autocommit mode: undefined/unknown
	Isolation level: REPEATABLE_READ [default REPEATABLE_READ]
	JDBC fetch size: none
	Pool: DataSourceConnectionProvider
	Minimum pool size: undefined/unknown
	Maximum pool size: undefined/unknown
2026-05-31T16:45:28.980-04:00  INFO 44904 --- [RESTAURANT-SERVICE] [  restartedMain] org.hibernate.orm.core                   : HHH000489: No JTA platform available (set 'hibernate.transaction.jta.platform' to enable JTA platform integration)
2026-05-31T16:45:29.006-04:00  INFO 44904 --- [RESTAURANT-SERVICE] [  restartedMain] j.LocalContainerEntityManagerFactoryBean : Initialized JPA EntityManagerFactory for persistence unit 'default'
2026-05-31T16:45:29.235-04:00  WARN 44904 --- [RESTAURANT-SERVICE] [  restartedMain] JpaBaseConfiguration$JpaWebConfiguration : spring.jpa.open-in-view is enabled by default. Therefore, database queries may be performed during view rendering. Explicitly configure spring.jpa.open-in-view to disable this warning
2026-05-31T16:45:30.592-04:00  INFO 44904 --- [RESTAURANT-SERVICE] [  restartedMain] DiscoveryClientOptionalArgsConfiguration : Eureka HTTP Client uses RestClient.
2026-05-31T16:45:30.646-04:00  WARN 44904 --- [RESTAURANT-SERVICE] [  restartedMain] iguration$LoadBalancerCaffeineWarnLogger : Spring Cloud LoadBalancer is currently working with the default cache. While this cache implementation is useful for development and tests, it's recommended to use Caffeine cache in production.You can switch to using Caffeine cache, by adding it and org.springframework.cache.caffeine.CaffeineCacheManager to the classpath.
2026-05-31T16:45:30.679-04:00  INFO 44904 --- [RESTAURANT-SERVICE] [  restartedMain] o.s.c.n.eureka.InstanceInfoFactory       : Setting initial instance status as: STARTING
2026-05-31T16:45:30.691-04:00  INFO 44904 --- [RESTAURANT-SERVICE] [  restartedMain] com.netflix.discovery.DiscoveryClient    : Initializing Eureka in region us-east-1
2026-05-31T16:45:30.693-04:00  INFO 44904 --- [RESTAURANT-SERVICE] [  restartedMain] c.n.d.s.r.aws.ConfigClusterResolver      : Resolving eureka endpoints via configuration
2026-05-31T16:45:30.694-04:00  INFO 44904 --- [RESTAURANT-SERVICE] [  restartedMain] com.netflix.discovery.DiscoveryClient    : Disable delta property : false
2026-05-31T16:45:30.696-04:00  INFO 44904 --- [RESTAURANT-SERVICE] [  restartedMain] com.netflix.discovery.DiscoveryClient    : Single vip registry refresh property : null
2026-05-31T16:45:30.697-04:00  INFO 44904 --- [RESTAURANT-SERVICE] [  restartedMain] com.netflix.discovery.DiscoveryClient    : Force full registry fetch : false
2026-05-31T16:45:30.698-04:00  INFO 44904 --- [RESTAURANT-SERVICE] [  restartedMain] com.netflix.discovery.DiscoveryClient    : Application is null : false
2026-05-31T16:45:30.699-04:00  INFO 44904 --- [RESTAURANT-SERVICE] [  restartedMain] com.netflix.discovery.DiscoveryClient    : Registered Applications size is zero : true
2026-05-31T16:45:30.701-04:00  INFO 44904 --- [RESTAURANT-SERVICE] [  restartedMain] com.netflix.discovery.DiscoveryClient    : Application version is -1: true
2026-05-31T16:45:30.702-04:00  INFO 44904 --- [RESTAURANT-SERVICE] [  restartedMain] com.netflix.discovery.DiscoveryClient    : Getting all instance registry info from the eureka server
2026-05-31T16:45:30.751-04:00  INFO 44904 --- [RESTAURANT-SERVICE] [  restartedMain] com.netflix.discovery.DiscoveryClient    : The response status is 200
2026-05-31T16:45:30.754-04:00  INFO 44904 --- [RESTAURANT-SERVICE] [  restartedMain] com.netflix.discovery.DiscoveryClient    : Starting heartbeat executor: renew interval is: 30
2026-05-31T16:45:30.756-04:00  INFO 44904 --- [RESTAURANT-SERVICE] [  restartedMain] c.n.discovery.InstanceInfoReplicator     : InstanceInfoReplicator onDemand update allowed rate per min is 4
2026-05-31T16:45:30.758-04:00  INFO 44904 --- [RESTAURANT-SERVICE] [  restartedMain] com.netflix.discovery.DiscoveryClient    : Discovery Client initialized at timestamp 1780260330758 with initial instances count: 1
2026-05-31T16:45:30.761-04:00  INFO 44904 --- [RESTAURANT-SERVICE] [  restartedMain] o.s.c.n.e.s.EurekaServiceRegistry        : Registering application RESTAURANT-SERVICE with eureka with status UP
2026-05-31T16:45:30.762-04:00  INFO 44904 --- [RESTAURANT-SERVICE] [  restartedMain] com.netflix.discovery.DiscoveryClient    : Saw local status change event StatusChangeEvent [timestamp=1780260330762, current=UP, previous=STARTING]
2026-05-31T16:45:30.770-04:00  INFO 44904 --- [RESTAURANT-SERVICE] [foReplicator-%d] com.netflix.discovery.DiscoveryClient    : DiscoveryClient_RESTAURANT-SERVICE/HFENELSOFTDEV.mshome.net:RESTAURANT-SERVICE:9091: registering service...
2026-05-31T16:45:30.772-04:00  INFO 44904 --- [RESTAURANT-SERVICE] [  restartedMain] o.s.boot.tomcat.TomcatWebServer          : Tomcat started on port 9091 (http) with context path '/'
2026-05-31T16:45:30.774-04:00  INFO 44904 --- [RESTAURANT-SERVICE] [  restartedMain] .s.c.n.e.s.EurekaAutoServiceRegistration : Updating port to 9091
2026-05-31T16:45:30.818-04:00  INFO 44904 --- [RESTAURANT-SERVICE] [foReplicator-%d] com.netflix.discovery.DiscoveryClient    : DiscoveryClient_RESTAURANT-SERVICE/HFENELSOFTDEV.mshome.net:RESTAURANT-SERVICE:9091 - registration status: 204
2026-05-31T16:45:30.904-04:00  INFO 44904 --- [RESTAURANT-SERVICE] [  restartedMain] c.h.r.RestaurantlistingApplication       : Started RestaurantlistingApplication in 3.685 seconds (process running for 420.455)
2026-05-31T16:45:30.915-04:00  INFO 44904 --- [RESTAURANT-SERVICE] [  restartedMain] .ConditionEvaluationDeltaLoggingListener : Condition evaluation unchanged
2026-05-31T16:46:00.929-04:00  INFO 44904 --- [RESTAURANT-SERVICE] [beatExecutor-%d] com.netflix.discovery.DiscoveryClient    : DiscoveryClient_RESTAURANT-SERVICE/HFENELSOFTDEV.mshome.net:RESTAURANT-SERVICE:9091 - Re-registering apps/RESTAURANT-SERVICE
2026-05-31T16:46:00.930-04:00  INFO 44904 --- [RESTAURANT-SERVICE] [beatExecutor-%d] com.netflix.discovery.DiscoveryClient    : DiscoveryClient_RESTAURANT-SERVICE/HFENELSOFTDEV.mshome.net:RESTAURANT-SERVICE:9091: registering service...
2026-05-31T16:46:00.942-04:00  INFO 44904 --- [RESTAURANT-SERVICE] [beatExecutor-%d] com.netflix.discovery.DiscoveryClient    : DiscoveryClient_RESTAURANT-SERVICE/HFENELSOFTDEV.mshome.net:RESTAURANT-SERVICE:9091 - registration status: 204
2026-05-31T16:50:30.711-04:00  INFO 44904 --- [RESTAURANT-SERVICE] [rap-executor-%d] c.n.d.s.r.aws.ConfigClusterResolver      : Resolving eureka endpoints via configuration
[INFO] ------------------------------------------------------------------------
[INFO] BUILD FAILURE
[INFO] ------------------------------------------------------------------------
[INFO] Total time:  12:44 min
[INFO] Finished at: 2026-05-31T16:50:53-04:00
[INFO] ------------------------------------------------------------------------
[ERROR] Failed to execute goal org.springframework.boot:spring-boot-maven-plugin:4.0.6:run (default-cli) on project restaurantlisting: Process terminated with exit code: -1 -> [Help 1]
[ERROR] 
[ERROR] To see the full stack trace of the errors, re-run Maven with the -e switch.
[ERROR] Re-run Maven using the -X switch to enable full debug logging.
[ERROR] 
[ERROR] For more information about the errors and possible solutions, please read the following articles:
[ERROR] [Help 1] http://cwiki.apache.org/confluence/display/MAVEN/MojoExecutionException
